Using pre-set license
Built from '2020.3/staging' branch; Version is '2020.3.23f1 (c5d91304a876) revision 12966163'; Using compiler version '192528614'; Build Type 'Release'
OS: 'Windows 10 Pro for Workstations; OS build 19042.1348; Version 2009; 64bit' Language: 'fr' Physical Memory: 32390 MB
BatchMode: 1, IsHumanControllingUs: 0, StartBugReporterOnCrash: 0, Is64bit: 1, IsPro: 0

COMMAND LINE ARGUMENTS:
C:\Program Files\Unity\Hub\Editor\2020.3.23f1\Editor\Unity.exe
-adb2
-batchMode
-noUpm
-name
AssetImportWorker0
-projectPath
C:/Users/musevr/Documents/GitHub/Beat_Saber/Beat Saber
-logFile
Logs/AssetImportWorker0.log
-srvPort
54429
Successfully changed project path to: C:/Users/musevr/Documents/GitHub/Beat_Saber/Beat Saber
C:/Users/musevr/Documents/GitHub/Beat_Saber/Beat Saber
Using Asset Import Pipeline V2.
Refreshing native plugins compatible for Editor in 141.24 ms, found 12 plugins.
Preloading 1 native plugins for Editor in 1.34 ms.
Initialize engine version: 2020.3.23f1 (c5d91304a876)
[Subsystems] Discovering subsystems at path C:/Program Files/Unity/Hub/Editor/2020.3.23f1/Editor/Data/Resources/UnitySubsystems
[Subsystems] Discovering subsystems at path C:/Users/musevr/Documents/GitHub/Beat_Saber/Beat Saber/Assets
GfxDevice: creating device client; threaded=0
Direct3D:
    Version:  Direct3D 11.0 [level 11.1]
    Renderer: NVIDIA GeForce GTX 1080 (ID=0x1b80)
    Vendor:   
    VRAM:     8079 MB
    Driver:   30.0.14.9676
Shader 'Oculus/OVRMRCameraFrameLit': fallback shader 'Alpha-Diffuse' not found
Initialize mono
Mono path[0] = 'C:/Program Files/Unity/Hub/Editor/2020.3.23f1/Editor/Data/Managed'
Mono path[1] = 'C:/Program Files/Unity/Hub/Editor/2020.3.23f1/Editor/Data/MonoBleedingEdge/lib/mono/unityjit'
Mono config path = 'C:/Program Files/Unity/Hub/Editor/2020.3.23f1/Editor/Data/MonoBleedingEdge/etc'
Using monoOptions --debugger-agent=transport=dt_socket,embedding=1,server=y,suspend=n,address=127.0.0.1:56744
Begin MonoManager ReloadAssembly
Registering precompiled unity dll's ...
Register platform support module: C:/Program Files/Unity/Hub/Editor/2020.3.23f1/Editor/Data/PlaybackEngines/WindowsStandaloneSupport/UnityEditor.WindowsStandalone.Extensions.dll
Registered in 0.002851 seconds.
Native extension for WindowsStandalone target not found
Refreshing native plugins compatible for Editor in 109.34 ms, found 12 plugins.
Preloading 1 native plugins for Editor in 0.10 ms.
Mono: successfully reloaded assembly
- Completed reload, in  0.895 seconds
Domain Reload Profiling:
	ReloadAssembly (896ms)
		BeginReloadAssembly (78ms)
			ExecutionOrderSort (0ms)
			DisableScriptedObjects (0ms)
			BackupInstance (0ms)
			ReleaseScriptingObjects (0ms)
			CreateAndSetChildDomain (1ms)
		EndReloadAssembly (710ms)
			LoadAssemblies (75ms)
			RebuildTransferFunctionScriptingTraits (0ms)
			SetupTypeCache (226ms)
			ReleaseScriptCaches (0ms)
			RebuildScriptCaches (45ms)
			SetupLoadedEditorAssemblies (286ms)
				LogAssemblyErrors (0ms)
				InitializePlatformSupportModulesInManaged (6ms)
				SetLoadedEditorAssemblies (0ms)
				RefreshPlugins (110ms)
				BeforeProcessingInitializeOnLoad (12ms)
				ProcessInitializeOnLoadAttributes (116ms)
				ProcessInitializeOnLoadMethodAttributes (41ms)
				AfterProcessingInitializeOnLoad (0ms)
				EditorAssembliesLoaded (0ms)
			ExecutionOrderSort2 (0ms)
			AwakeInstancesAfterBackupRestoration (0ms)
Platform modules already initialized, skipping
Registering precompiled user dll's ...
Registered in 0.014727 seconds.
Begin MonoManager ReloadAssembly
Native extension for WindowsStandalone target not found
Refreshing native plugins compatible for Editor in 107.76 ms, found 12 plugins.
Preloading 1 native plugins for Editor in 0.10 ms.
[XR] OculusXRPlugin: registering subsystems
[XR] Unable to register display lifecyle provider: [1]
[XR] Oculus Input lifecycle provider registered.
[XR] Unable to register input lifecyle provider: [1]
[XR] OVRP version 1.65.0
Mono: successfully reloaded assembly
- Completed reload, in  2.042 seconds
Domain Reload Profiling:
	ReloadAssembly (2043ms)
		BeginReloadAssembly (210ms)
			ExecutionOrderSort (0ms)
			DisableScriptedObjects (6ms)
			BackupInstance (0ms)
			ReleaseScriptingObjects (0ms)
			CreateAndSetChildDomain (29ms)
		EndReloadAssembly (1740ms)
			LoadAssemblies (140ms)
			RebuildTransferFunctionScriptingTraits (0ms)
			SetupTypeCache (475ms)
			ReleaseScriptCaches (1ms)
			RebuildScriptCaches (88ms)
			SetupLoadedEditorAssemblies (823ms)
				LogAssemblyErrors (0ms)
				InitializePlatformSupportModulesInManaged (5ms)
				SetLoadedEditorAssemblies (0ms)
				RefreshPlugins (108ms)
				BeforeProcessingInitializeOnLoad (118ms)
				ProcessInitializeOnLoadAttributes (555ms)
				ProcessInitializeOnLoadMethodAttributes (26ms)
				AfterProcessingInitializeOnLoad (11ms)
				EditorAssembliesLoaded (0ms)
			ExecutionOrderSort2 (0ms)
			AwakeInstancesAfterBackupRestoration (8ms)
Platform modules already initialized, skipping
========================================================================
Worker process is ready to serve import requests
Shader 'Oculus/OVRMRCameraFrameLit': fallback shader 'Alpha-Diffuse' not found
Launched and connected shader compiler UnityShaderCompiler.exe after 0.10 seconds
Refreshing native plugins compatible for Editor in 1.71 ms, found 12 plugins.
Preloading 1 native plugins for Editor in 0.12 ms.
Unloading 2873 Unused Serialized files (Serialized files now loaded: 0)
System memory in use before: 203.0 MB.
System memory in use after: 203.0 MB.

Unloading 65 unused Assets to reduce memory usage. Loaded Objects now: 3275.
Total: 5.892400 ms (FindLiveObjects: 0.460200 ms CreateObjectMapping: 0.226800 ms MarkObjects: 4.855900 ms  DeleteObjects: 0.347800 ms)

AssetImportParameters requested are different than current active one (requested -> active):
  custom:framework-win-MediaFoundation: 216162199b28c13a410421893ffa2e32 -> 
  custom:video-decoder-ogg-theora: a1e56fd34408186e4bbccfd4996cb3dc -> 
  custom:container-muxer-webm: aa71ff27fc2769a1b78a27578f13a17b -> 
  custom:container-demuxer-webm: 4f35f7cbe854078d1ac9338744f61a02 -> 
  custom:container-demuxer-ogg: 62fdf1f143b41e24485cea50d1cbac27 -> 
  custom:video-encoder-webm-vp8: eb34c28f22e8b96e1ab97ce403110664 -> 
  custom:video-codec-MediaFoundation-h265: 746d11721c4dcdbdad8f713fa42b33f4 -> 
  custom:video-decoder-webm-vp8: 9c59270c3fd7afecdb556c50c9e8de78 -> 
  custom:audio-decoder-ogg-vorbis: bf7c407c2cedff20999df2af8eb42d56 -> 
  custom:audio-encoder-webm-vorbis: bf7c407c2cedff20999df2af8eb42d56 -> 
========================================================================
Received Import Request.
  path: Assets/prefabs/Cube/redCube.prefab
  artifactKey: Guid(f5787fdc4776b8746a398e9cdb216280) Importer(815301076,1909f56bfc062723c751e8b465ee728b)
Start importing Assets/prefabs/Cube/redCube.prefab using Guid(f5787fdc4776b8746a398e9cdb216280) Importer(815301076,1909f56bfc062723c751e8b465ee728b)  -> (artifact id: 'fc5c6657acb0d3b89fa96514c745c7ab') in 0.149716 seconds 
  Import took 0.157299 seconds .

========================================================================
Received Import Request.
  Time since last request: 0.000323 seconds.
  path: Assets/prefabs/bomb.prefab
  artifactKey: Guid(7bac48568650dfc42aea9a6d0488486d) Importer(815301076,1909f56bfc062723c751e8b465ee728b)
Start importing Assets/prefabs/bomb.prefab using Guid(7bac48568650dfc42aea9a6d0488486d) Importer(815301076,1909f56bfc062723c751e8b465ee728b)  -> (artifact id: '4780d37773a679fd8c07a202c80d0802') in 0.019490 seconds 
  Import took 0.026637 seconds .

========================================================================
Received Import Request.
  Time since last request: 0.000250 seconds.
  path: Assets/prefabs/PostProcess.asset
  artifactKey: Guid(e552540b9d392ca40b2ebe303fdf8ded) Importer(815301076,1909f56bfc062723c751e8b465ee728b)
Start importing Assets/prefabs/PostProcess.asset using Guid(e552540b9d392ca40b2ebe303fdf8ded) Importer(815301076,1909f56bfc062723c751e8b465ee728b)  -> (artifact id: '53d5afbea8ba067b2ac8b1eb026fd7b7') in 0.034927 seconds 
  Import took 0.042272 seconds .

========================================================================
Received Import Request.
  Time since last request: 0.000302 seconds.
  path: Assets/prefabs/Particle.prefab
  artifactKey: Guid(18076f342a843df459d7eddae7561013) Importer(815301076,1909f56bfc062723c751e8b465ee728b)
Start importing Assets/prefabs/Particle.prefab using Guid(18076f342a843df459d7eddae7561013) Importer(815301076,1909f56bfc062723c751e8b465ee728b)  -> (artifact id: 'a2c673eba9eddb243038252ab1df56c2') in 0.022038 seconds 
  Import took 0.029757 seconds .

========================================================================
Received Import Request.
  Time since last request: 0.000289 seconds.
  path: Assets/prefabs/Cube/blueCube.prefab
  artifactKey: Guid(addd76466a7fb4d49b2c9aa3bd3e1563) Importer(815301076,1909f56bfc062723c751e8b465ee728b)
Start importing Assets/prefabs/Cube/blueCube.prefab using Guid(addd76466a7fb4d49b2c9aa3bd3e1563) Importer(815301076,1909f56bfc062723c751e8b465ee728b)  -> (artifact id: 'a5a1c733ed734ba543930d597f26f09b') in 0.020027 seconds 
  Import took 0.027481 seconds .

========================================================================
Received Import Request.
  Time since last request: 202.295655 seconds.
  path: Assets/Scripts/CubeScript.cs
  artifactKey: Guid(58074d379f118cf44b954b364edee79d) Importer(815301076,1909f56bfc062723c751e8b465ee728b)
Start importing Assets/Scripts/CubeScript.cs using Guid(58074d379f118cf44b954b364edee79d) Importer(815301076,1909f56bfc062723c751e8b465ee728b)  -> (artifact id: 'ac94c1c81c0fa778f1908b73258e5bd8') in 0.021819 seconds 
  Import took 0.030760 seconds .

========================================================================
Received Prepare
Registering precompiled user dll's ...
Registered in 0.013471 seconds.
Begin MonoManager ReloadAssembly
Native extension for WindowsStandalone target not found
Refreshing native plugins compatible for Editor in 1.51 ms, found 12 plugins.
Preloading 1 native plugins for Editor in 0.10 ms.
Mono: successfully reloaded assembly
- Completed reload, in  1.587 seconds
Domain Reload Profiling:
	ReloadAssembly (1587ms)
		BeginReloadAssembly (153ms)
			ExecutionOrderSort (0ms)
			DisableScriptedObjects (5ms)
			BackupInstance (0ms)
			ReleaseScriptingObjects (0ms)
			CreateAndSetChildDomain (56ms)
		EndReloadAssembly (1353ms)
			LoadAssemblies (121ms)
			RebuildTransferFunctionScriptingTraits (0ms)
			SetupTypeCache (415ms)
			ReleaseScriptCaches (1ms)
			RebuildScriptCaches (53ms)
			SetupLoadedEditorAssemblies (619ms)
				LogAssemblyErrors (0ms)
				InitializePlatformSupportModulesInManaged (4ms)
				SetLoadedEditorAssemblies (1ms)
				RefreshPlugins (2ms)
				BeforeProcessingInitializeOnLoad (85ms)
				ProcessInitializeOnLoadAttributes (501ms)
				ProcessInitializeOnLoadMethodAttributes (19ms)
				AfterProcessingInitializeOnLoad (7ms)
				EditorAssembliesLoaded (0ms)
			ExecutionOrderSort2 (0ms)
			AwakeInstancesAfterBackupRestoration (8ms)
Platform modules already initialized, skipping
Shader 'Oculus/OVRMRCameraFrameLit': fallback shader 'Alpha-Diffuse' not found
Refreshing native plugins compatible for Editor in 1.62 ms, found 12 plugins.
Preloading 1 native plugins for Editor in 0.10 ms.
Unloading 2768 Unused Serialized files (Serialized files now loaded: 0)
System memory in use before: 214.6 MB.
System memory in use after: 214.6 MB.

Unloading 58 unused Assets to reduce memory usage. Loaded Objects now: 3286.
Total: 5.512600 ms (FindLiveObjects: 0.484400 ms CreateObjectMapping: 0.297000 ms MarkObjects: 4.433000 ms  DeleteObjects: 0.296600 ms)

AssetImportParameters requested are different than current active one (requested -> active):
  custom:framework-win-MediaFoundation: 216162199b28c13a410421893ffa2e32 -> 
  custom:video-decoder-ogg-theora: a1e56fd34408186e4bbccfd4996cb3dc -> 
  custom:container-muxer-webm: aa71ff27fc2769a1b78a27578f13a17b -> 
  custom:container-demuxer-webm: 4f35f7cbe854078d1ac9338744f61a02 -> 
  custom:container-demuxer-ogg: 62fdf1f143b41e24485cea50d1cbac27 -> 
  custom:video-encoder-webm-vp8: eb34c28f22e8b96e1ab97ce403110664 -> 
  custom:video-codec-MediaFoundation-h265: 746d11721c4dcdbdad8f713fa42b33f4 -> 
  custom:video-decoder-webm-vp8: 9c59270c3fd7afecdb556c50c9e8de78 -> 
  custom:audio-decoder-ogg-vorbis: bf7c407c2cedff20999df2af8eb42d56 -> 
  custom:audio-encoder-webm-vorbis: bf7c407c2cedff20999df2af8eb42d56 -> 
========================================================================
Received Import Request.
  Time since last request: 36.258266 seconds.
  path: Assets/Scripts/gameData.cs
  artifactKey: Guid(ea8f2e0f0afa4d16aa68a773ffe858fe) Importer(815301076,1909f56bfc062723c751e8b465ee728b)
Start importing Assets/Scripts/gameData.cs using Guid(ea8f2e0f0afa4d16aa68a773ffe858fe) Importer(815301076,1909f56bfc062723c751e8b465ee728b)  -> (artifact id: 'd3949b4eb2c1fc822c5200c7606e73d5') in 0.013299 seconds 
  Import took 0.021553 seconds .

========================================================================
Received Prepare
Registering precompiled user dll's ...
Registered in 0.013833 seconds.
Begin MonoManager ReloadAssembly
Native extension for WindowsStandalone target not found
Refreshing native plugins compatible for Editor in 1.51 ms, found 12 plugins.
Preloading 1 native plugins for Editor in 0.10 ms.
Mono: successfully reloaded assembly
- Completed reload, in  1.590 seconds
Domain Reload Profiling:
	ReloadAssembly (1591ms)
		BeginReloadAssembly (140ms)
			ExecutionOrderSort (0ms)
			DisableScriptedObjects (5ms)
			BackupInstance (0ms)
			ReleaseScriptingObjects (0ms)
			CreateAndSetChildDomain (49ms)
		EndReloadAssembly (1369ms)
			LoadAssemblies (126ms)
			RebuildTransferFunctionScriptingTraits (0ms)
			SetupTypeCache (432ms)
			ReleaseScriptCaches (1ms)
			RebuildScriptCaches (57ms)
			SetupLoadedEditorAssemblies (598ms)
				LogAssemblyErrors (0ms)
				InitializePlatformSupportModulesInManaged (5ms)
				SetLoadedEditorAssemblies (2ms)
				RefreshPlugins (2ms)
				BeforeProcessingInitializeOnLoad (83ms)
				ProcessInitializeOnLoadAttributes (481ms)
				ProcessInitializeOnLoadMethodAttributes (18ms)
				AfterProcessingInitializeOnLoad (8ms)
				EditorAssembliesLoaded (0ms)
			ExecutionOrderSort2 (0ms)
			AwakeInstancesAfterBackupRestoration (8ms)
Platform modules already initialized, skipping
Shader 'Oculus/OVRMRCameraFrameLit': fallback shader 'Alpha-Diffuse' not found
Refreshing native plugins compatible for Editor in 1.64 ms, found 12 plugins.
Preloading 1 native plugins for Editor in 0.10 ms.
Unloading 2769 Unused Serialized files (Serialized files now loaded: 0)
System memory in use before: 214.7 MB.
System memory in use after: 214.7 MB.

Unloading 58 unused Assets to reduce memory usage. Loaded Objects now: 3290.
Total: 5.566000 ms (FindLiveObjects: 0.431100 ms CreateObjectMapping: 0.211200 ms MarkObjects: 4.597100 ms  DeleteObjects: 0.324700 ms)

AssetImportParameters requested are different than current active one (requested -> active):
  custom:framework-win-MediaFoundation: 216162199b28c13a410421893ffa2e32 -> 
  custom:video-decoder-ogg-theora: a1e56fd34408186e4bbccfd4996cb3dc -> 
  custom:container-muxer-webm: aa71ff27fc2769a1b78a27578f13a17b -> 
  custom:container-demuxer-webm: 4f35f7cbe854078d1ac9338744f61a02 -> 
  custom:container-demuxer-ogg: 62fdf1f143b41e24485cea50d1cbac27 -> 
  custom:video-encoder-webm-vp8: eb34c28f22e8b96e1ab97ce403110664 -> 
  custom:video-codec-MediaFoundation-h265: 746d11721c4dcdbdad8f713fa42b33f4 -> 
  custom:video-decoder-webm-vp8: 9c59270c3fd7afecdb556c50c9e8de78 -> 
  custom:audio-decoder-ogg-vorbis: bf7c407c2cedff20999df2af8eb42d56 -> 
  custom:audio-encoder-webm-vorbis: bf7c407c2cedff20999df2af8eb42d56 -> 
========================================================================
Received Import Request.
  Time since last request: 28.952565 seconds.
  path: Assets/Scripts/Saber.cs
  artifactKey: Guid(295a2c424d6df4d468364e4e7213abea) Importer(815301076,1909f56bfc062723c751e8b465ee728b)
Start importing Assets/Scripts/Saber.cs using Guid(295a2c424d6df4d468364e4e7213abea) Importer(815301076,1909f56bfc062723c751e8b465ee728b)  -> (artifact id: 'db5a679ae7c74690782aa28554e42ae9') in 0.013509 seconds 
  Import took 0.021127 seconds .

========================================================================
Received Import Request.
  Time since last request: 12.774703 seconds.
  path: Assets/Scripts/Spawner.cs
  artifactKey: Guid(c92beda8d5ee108439402252793c846c) Importer(815301076,1909f56bfc062723c751e8b465ee728b)
Start importing Assets/Scripts/Spawner.cs using Guid(c92beda8d5ee108439402252793c846c) Importer(815301076,1909f56bfc062723c751e8b465ee728b)  -> (artifact id: 'a25b5c47db692134173f9fd449d909a3') in 0.008263 seconds 
  Import took 0.015788 seconds .

========================================================================
Received Import Request.
  Time since last request: 28.316403 seconds.
  path: Assets/Scripts/Score/effectMultiplicator.cs
  artifactKey: Guid(6dc8c89054a2e43669478dea65df645b) Importer(815301076,1909f56bfc062723c751e8b465ee728b)
Start importing Assets/Scripts/Score/effectMultiplicator.cs using Guid(6dc8c89054a2e43669478dea65df645b) Importer(815301076,1909f56bfc062723c751e8b465ee728b)  -> (artifact id: '72d1949bf7b9ec3dbc12dca0cf96002d') in 0.008884 seconds 
  Import took 0.017451 seconds .

AssetImportWorkerClient::OnTransportError - code=2 error=End of file
